
ROM used:   1184/16384 (4%)
            1184/16384 (4%) including unused fragments

            0.8 Average locations per line
            6.3 Average locations per statement

RAM used:   18/1536 (1%) at main() level
            36/1536 (2%) worst case

Stack used: 1 worst case (1 in main + 0 for interrupts)
Stack size: 31

Lines Stmts  %   Files
----- ----- ---  -----
  109    63  34  main.c
   11     0   0  main.h
  766     0   0  ..\..\..\..\..\Program Files (x86)\PICC\Devices\18F458.h
   37     0   0  ..\..\..\..\..\Program Files (x86)\PICC\Drivers\stdio.h
  423   125  66  ..\..\..\..\..\Program Files (x86)\PICC\Drivers\string.h
   32     0   0  ..\..\..\..\..\Program Files (x86)\PICC\Drivers\stddef.h
   28     0   0  ..\..\..\..\..\Program Files (x86)\PICC\Drivers\ctype.h
----- -----
 1406   188 Total

Page ROM  %  RAM   Vol Diff  Functions:
---- --- --- ---   --- ----  ----------
0    540  23    6  2039 10.0  MAIN
0     54   2    2             @ITOF
0    242  10   11             @MULFF
0     56   2    4             @SFTOI
0    222   9    9             @PRINTF_LD_9600_31766_31767
0     66   3    5             @DIV1616
 Inline         0             @cinit1

Program metrics:
    Functions               1
    Statements              188
    Comments                320
    Volume (V)              2056
    Difficulty (D)          9.6
    Effort to implement (E) 19689
    Time to implement (T)   18 minutes
    Est Delivered Bugs (B)  0
    Cyclomatic Complexity   5
    Maintainability (MI)    72

 Segment     Used  Free
-----------  ----  ----
00000-00002     4  0  
00004-07FFE  1180  31584  



